[    20.145] _XSERVTransSocketUNIXCreateListener: ...SocketCreateListener() failed
[    20.146] _XSERVTransMakeAllCOTSServerListeners: server already running
[    20.146] (--) Log file renamed from "/home/noopur/.local/share/xorg/Xorg.pid-1367.log" to "/home/noopur/.local/share/xorg/Xorg.1.log"
[    20.146] 
X.Org X Server 1.20.4
X Protocol Version 11, Revision 0
[    20.146] Build Operating System: Linux 4.4.0-148-generic x86_64 Ubuntu
[    20.146] Current Operating System: Linux noopur-VirtualBox 5.0.0-23-generic #24~18.04.1-Ubuntu SMP Mon Jul 29 16:12:28 UTC 2019 x86_64
[    20.146] Kernel command line: BOOT_IMAGE=/boot/vmlinuz-5.0.0-23-generic root=UUID=3967ffaf-bced-414e-a69f-04888e551650 ro quiet splash
[    20.146] Build Date: 02 May 2019  08:06:54AM
[    20.146] xorg-server-hwe-18.04 2:1.20.4-1ubuntu3~18.04.1 (For technical support please see http://www.ubuntu.com/support) 
[    20.146] Current version of pixman: 0.34.0
[    20.146] 	Before reporting problems, check http://wiki.x.org
	to make sure that you have the latest version.
[    20.146] Markers: (--) probed, (**) from config file, (==) default setting,
	(++) from command line, (!!) notice, (II) informational,
	(WW) warning, (EE) error, (NI) not implemented, (??) unknown.
[    20.147] (==) Log file: "/home/noopur/.local/share/xorg/Xorg.1.log", Time: Wed Jan 15 12:53:23 2020
[    20.147] (==) Using system config directory "/usr/share/X11/xorg.conf.d"
[    20.147] (==) No Layout section.  Using the first Screen section.
[    20.147] (==) No screen section available. Using defaults.
[    20.147] (**) |-->Screen "Default Screen Section" (0)
[    20.147] (**) |   |-->Monitor "<default monitor>"
[    20.147] (==) No monitor specified for screen "Default Screen Section".
	Using a default monitor configuration.
[    20.147] (==) Automatically adding devices
[    20.147] (==) Automatically enabling devices
[    20.148] (==) Automatically adding GPU devices
[    20.148] (==) Automatically binding GPU devices
[    20.148] (==) Max clients allowed: 256, resource mask: 0x1fffff
[    20.148] (WW) The directory "/usr/share/fonts/X11/cyrillic" does not exist.
[    20.148] 	Entry deleted from font path.
[    20.148] (WW) The directory "/usr/share/fonts/X11/100dpi/" does not exist.
[    20.148] 	Entry deleted from font path.
[    20.148] (WW) The directory "/usr/share/fonts/X11/75dpi/" does not exist.
[    20.148] 	Entry deleted from font path.
[    20.148] (WW) The directory "/usr/share/fonts/X11/100dpi" does not exist.
[    20.148] 	Entry deleted from font path.
[    20.148] (WW) The directory "/usr/share/fonts/X11/75dpi" does not exist.
[    20.148] 	Entry deleted from font path.
[    20.148] (==) FontPath set to:
	/usr/share/fonts/X11/misc,
	/usr/share/fonts/X11/Type1,
	built-ins
[    20.148] (==) ModulePath set to "/usr/lib/xorg/modules"
[    20.148] (II) The server relies on udev to provide the list of input devices.
	If no devices become available, reconfigure udev or disable AutoAddDevices.
[    20.148] (II) Loader magic: 0x564902299020
[    20.148] (II) Module ABI versions:
[    20.148] 	X.Org ANSI C Emulation: 0.4
[    20.149] 	X.Org Video Driver: 24.0
[    20.149] 	X.Org XInput driver : 24.1
[    20.149] 	X.Org Server Extension : 10.0
[    20.149] (++) using VT number 2

[    20.152] (II) systemd-logind: took control of session /org/freedesktop/login1/session/_33
[    20.152] (II) xfree86: Adding drm device (/dev/dri/card0)
[    20.155] (II) systemd-logind: got fd for /dev/dri/card0 226:0 fd 13 paused 0
[    20.156] (--) PCI:*(0@0:2:0) 15ad:0405:15ad:0405 rev 0, Mem @ 0xf0000000/16777216, 0xf1000000/2097152, I/O @ 0x0000d010/16, BIOS @ 0x????????/131072
[    20.156] (II) LoadModule: "glx"
[    20.157] (II) Loading /usr/lib/xorg/modules/extensions/libglx.so
[    20.163] (II) Module glx: vendor="X.Org Foundation"
[    20.163] 	compiled for 1.20.4, module version = 1.0.0
[    20.163] 	ABI class: X.Org Server Extension, version 10.0
[    20.163] (==) Matched vmware as autoconfigured driver 0
[    20.164] (==) Matched modesetting as autoconfigured driver 1
[    20.164] (==) Matched fbdev as autoconfigured driver 2
[    20.164] (==) Matched vesa as autoconfigured driver 3
[    20.164] (==) Assigned the driver to the xf86ConfigLayout
[    20.164] (II) LoadModule: "vmware"
[    20.164] (II) Loading /usr/lib/xorg/modules/drivers/vmware_drv.so
[    20.198] (II) Module vmware: vendor="X.Org Foundation"
[    20.198] 	compiled for 1.20.1, module version = 13.3.0
[    20.199] 	Module class: X.Org Video Driver
[    20.199] 	ABI class: X.Org Video Driver, version 24.0
[    20.199] (II) LoadModule: "modesetting"
[    20.199] (II) Loading /usr/lib/xorg/modules/drivers/modesetting_drv.so
[    20.199] (II) Module modesetting: vendor="X.Org Foundation"
[    20.199] 	compiled for 1.20.4, module version = 1.20.4
[    20.199] 	Module class: X.Org Video Driver
[    20.199] 	ABI class: X.Org Video Driver, version 24.0
[    20.199] (II) LoadModule: "fbdev"
[    20.199] (II) Loading /usr/lib/xorg/modules/drivers/fbdev_drv.so
[    20.199] (II) Module fbdev: vendor="X.Org Foundation"
[    20.199] 	compiled for 1.20.1, module version = 0.5.0
[    20.199] 	Module class: X.Org Video Driver
[    20.199] 	ABI class: X.Org Video Driver, version 24.0
[    20.200] (II) LoadModule: "vesa"
[    20.200] (II) Loading /usr/lib/xorg/modules/drivers/vesa_drv.so
[    20.201] (II) Module vesa: vendor="X.Org Foundation"
[    20.201] 	compiled for 1.20.1, module version = 2.4.0
[    20.201] 	Module class: X.Org Video Driver
[    20.201] 	ABI class: X.Org Video Driver, version 24.0
[    20.201] (II) vmware: driver for VMware SVGA: vmware0405, vmware0710
[    20.201] (II) modesetting: Driver for Modesetting Kernel Drivers: kms
[    20.201] (II) FBDEV: driver for framebuffer: fbdev
[    20.201] (II) VESA: driver for VESA chipsets: vesa
[    20.201] xf86EnableIOPorts: failed to set IOPL for I/O (Operation not permitted)
[    20.202] (WW) Falling back to old probe method for modesetting
[    20.202] (WW) Falling back to old probe method for fbdev
[    20.202] (II) Loading sub module "fbdevhw"
[    20.202] (II) LoadModule: "fbdevhw"
[    20.202] (II) Loading /usr/lib/xorg/modules/libfbdevhw.so
[    20.202] (II) Module fbdevhw: vendor="X.Org Foundation"
[    20.202] 	compiled for 1.20.4, module version = 0.0.2
[    20.202] 	ABI class: X.Org Video Driver, version 24.0
[    20.202] (EE) open /dev/fb0: Permission denied
[    20.202] (WW) VGA arbiter: cannot open kernel arbiter, no multi-card support
[    20.202] (II) vmware(0): Creating default Display subsection in Screen section
	"Default Screen Section" for depth/fbbpp 24/32
[    20.202] (--) vmware(0): DRM driver version is 2.15.0
[    20.202] (==) vmware(0): Depth 24, (--) framebuffer bpp 32
[    20.203] (==) vmware(0): RGB weight 888
[    20.203] (==) vmware(0): Default visual is TrueColor
[    20.203] (--) vmware(0): Min width 1, Max Width 8192.
[    20.203] (--) vmware(0): Min height 1, Max Height 8192.
[    20.203] (II) vmware(0): Output Virtual1 has no monitor section
[    20.203] (II) vmware(0): Output Virtual2 has no monitor section
[    20.203] (II) vmware(0): Output Virtual3 has no monitor section
[    20.203] (II) vmware(0): Output Virtual4 has no monitor section
[    20.203] (II) vmware(0): Output Virtual5 has no monitor section
[    20.203] (II) vmware(0): Output Virtual6 has no monitor section
[    20.203] (II) vmware(0): Output Virtual7 has no monitor section
[    20.204] (II) vmware(0): Output Virtual8 has no monitor section
[    20.204] (II) vmware(0): Printing probed modes for output Virtual1
[    20.204] (II) vmware(0): Modeline "800x600"x60.0   42.75  800 850 900 950  600 650 700 750 -hsync +vsync (45.0 kHz eP)
[    20.204] (II) vmware(0): Modeline "2560x1600"x60.0  348.50  2560 2752 3032 3504  1600 1603 1609 1658 -hsync +vsync (99.5 kHz e)
[    20.205] (II) vmware(0): Modeline "1920x1440"x60.0  234.00  1920 2048 2256 2600  1440 1441 1444 1500 -hsync +vsync (90.0 kHz e)
[    20.205] (II) vmware(0): Modeline "1856x1392"x60.0  218.25  1856 1952 2176 2528  1392 1393 1396 1439 -hsync +vsync (86.3 kHz e)
[    20.205] (II) vmware(0): Modeline "1792x1344"x60.0  204.75  1792 1920 2120 2448  1344 1345 1348 1394 -hsync +vsync (83.6 kHz e)
[    20.205] (II) vmware(0): Modeline "1920x1200"x59.9  193.25  1920 2056 2256 2592  1200 1203 1209 1245 -hsync +vsync (74.6 kHz e)
[    20.205] (II) vmware(0): Modeline "1600x1200"x60.0  162.00  1600 1664 1856 2160  1200 1201 1204 1250 +hsync +vsync (75.0 kHz e)
[    20.205] (II) vmware(0): Modeline "1680x1050"x60.0  146.25  1680 1784 1960 2240  1050 1053 1059 1089 -hsync +vsync (65.3 kHz e)
[    20.205] (II) vmware(0): Modeline "1400x1050"x60.0  121.75  1400 1488 1632 1864  1050 1053 1057 1089 -hsync +vsync (65.3 kHz e)
[    20.205] (II) vmware(0): Modeline "1280x1024"x60.0  108.00  1280 1328 1440 1688  1024 1025 1028 1066 +hsync +vsync (64.0 kHz e)
[    20.205] (II) vmware(0): Modeline "1440x900"x59.9  106.50  1440 1520 1672 1904  900 903 909 934 -hsync +vsync (55.9 kHz e)
[    20.205] (II) vmware(0): Modeline "1280x960"x60.0  108.00  1280 1376 1488 1800  960 961 964 1000 +hsync +vsync (60.0 kHz e)
[    20.205] (II) vmware(0): Modeline "1360x768"x60.0   85.50  1360 1424 1536 1792  768 771 777 795 +hsync +vsync (47.7 kHz e)
[    20.205] (II) vmware(0): Modeline "1280x800"x59.8   83.50  1280 1352 1480 1680  800 803 809 831 +hsync -vsync (49.7 kHz e)
[    20.205] (II) vmware(0): Modeline "1152x864"x75.0  108.00  1152 1216 1344 1600  864 865 868 900 +hsync +vsync (67.5 kHz e)
[    20.205] (II) vmware(0): Modeline "1280x768"x59.9   79.50  1280 1344 1472 1664  768 771 778 798 -hsync +vsync (47.8 kHz e)
[    20.205] (II) vmware(0): Modeline "1024x768"x60.0   65.00  1024 1048 1184 1344  768 771 777 806 -hsync -vsync (48.4 kHz e)
[    20.205] (II) vmware(0): Modeline "800x600"x60.3   40.00  800 840 968 1056  600 601 605 628 +hsync +vsync (37.9 kHz e)
[    20.205] (II) vmware(0): Modeline "640x480"x59.9   25.18  640 656 752 800  480 489 492 525 -hsync -vsync (31.5 kHz e)
[    20.205] (II) vmware(0): EDID for output Virtual2
[    20.206] (II) vmware(0): EDID for output Virtual3
[    20.206] (II) vmware(0): EDID for output Virtual4
[    20.206] (II) vmware(0): EDID for output Virtual5
[    20.206] (II) vmware(0): EDID for output Virtual6
[    20.206] (II) vmware(0): EDID for output Virtual7
[    20.206] (II) vmware(0): EDID for output Virtual8
[    20.206] (II) vmware(0): Output Virtual1 connected
[    20.206] (II) vmware(0): Output Virtual2 disconnected
[    20.206] (II) vmware(0): Output Virtual3 disconnected
[    20.206] (II) vmware(0): Output Virtual4 disconnected
[    20.206] (II) vmware(0): Output Virtual5 disconnected
[    20.206] (II) vmware(0): Output Virtual6 disconnected
[    20.206] (II) vmware(0): Output Virtual7 disconnected
[    20.206] (II) vmware(0): Output Virtual8 disconnected
[    20.206] (II) vmware(0): Using exact sizes for initial modes
[    20.206] (II) vmware(0): Output Virtual1 using initial mode 800x600 +0+0
[    20.206] (==) vmware(0): DPI set to (96, 96)
[    20.206] (==) vmware(0): Using gamma correction (1.0, 1.0, 1.0)
[    20.207] (II) Loading sub module "fb"
[    20.207] (II) LoadModule: "fb"
[    20.207] (II) Loading /usr/lib/xorg/modules/libfb.so
[    20.210] (II) Module fb: vendor="X.Org Foundation"
[    20.210] 	compiled for 1.20.4, module version = 1.0.0
[    20.210] 	ABI class: X.Org ANSI C Emulation, version 0.4
[    20.210] (II) Loading sub module "dri2"
[    20.210] (II) LoadModule: "dri2"
[    20.210] (II) Module "dri2" already built-in
[    20.210] (II) Loading sub module "dri3"
[    20.210] (II) LoadModule: "dri3"
[    20.210] (II) Module "dri3" already built-in
[    20.211] (II) UnloadModule: "modesetting"
[    20.211] (II) Unloading modesetting
[    20.212] (II) UnloadModule: "fbdev"
[    20.212] (II) Unloading fbdev
[    20.212] (II) UnloadSubModule: "fbdevhw"
[    20.212] (II) Unloading fbdevhw
[    20.212] (II) UnloadModule: "vesa"
[    20.212] (II) Unloading vesa
[    20.212] (II) vmware(0): Initialized VMWARE_CTRL extension version 0.2
[    20.216] (WW) vmware(0): Failed to initialize Gallium3D Xa. No render acceleration available.
[    20.216] (WW) vmware(0): Skipped initialization of direct rendering due to lack of render acceleration.
[    20.216] (--) vmware(0): Render acceleration is disabled.
[    20.216] (==) vmware(0): Rendercheck mode is disabled.
[    20.216] (--) vmware(0): Direct rendering (DRI2 3D) is disabled.
[    20.216] (--) vmware(0): Direct rendering (DRI3 3D) is disabled.
[    20.216] (==) vmware(0): Backing store enabled
[    20.216] (==) vmware(0): Silken mouse enabled
[    20.216] (==) vmware(0): DPMS enabled
[    20.216] (II) vmware(0): No 3D acceleration. Not setting up textured video.
[    20.216] (WW) vmware(0): Disabling Xv because no adaptors could be initialized.
[    20.217] (II) Initializing extension Generic Event Extension
[    20.217] (II) Initializing extension SHAPE
[    20.217] (II) Initializing extension MIT-SHM
[    20.217] (II) Initializing extension XInputExtension
[    20.218] (II) Initializing extension XTEST
[    20.218] (II) Initializing extension BIG-REQUESTS
[    20.218] (II) Initializing extension SYNC
[    20.218] (II) Initializing extension XKEYBOARD
[    20.218] (II) Initializing extension XC-MISC
[    20.218] (II) Initializing extension SECURITY
[    20.219] (II) Initializing extension XFIXES
[    20.219] (II) Initializing extension RENDER
[    20.219] (II) Initializing extension RANDR
[    20.221] (II) Initializing extension COMPOSITE
[    20.222] (II) Initializing extension DAMAGE
[    20.222] (II) Initializing extension MIT-SCREEN-SAVER
[    20.222] (II) Initializing extension DOUBLE-BUFFER
[    20.222] (II) Initializing extension RECORD
[    20.222] (II) Initializing extension DPMS
[    20.222] (II) Initializing extension Present
[    20.222] (II) Initializing extension DRI3
[    20.222] (II) Initializing extension X-Resource
[    20.223] (II) Initializing extension XVideo
[    20.223] (II) Initializing extension XVideo-MotionCompensation
[    20.223] (II) Initializing extension SELinux
[    20.223] (II) SELinux: Disabled on system
[    20.223] (II) Initializing extension GLX
[    20.223] (II) AIGLX: Screen 0 is not DRI2 capable
[    20.225] (II) IGLX: Loaded and initialized swrast
[    20.227] (II) GLX: Initialized DRISWRAST GL provider for screen 0
[    20.227] (II) Initializing extension XFree86-VidModeExtension
[    20.227] (II) Initializing extension XFree86-DGA
[    20.227] (II) Initializing extension XFree86-DRI
[    20.227] (II) Initializing extension DRI2
[    20.233] (II) vmware(0): Setting screen physical size to 211 x 158
[    20.275] (II) config/udev: Adding input device Power Button (/dev/input/event0)
[    20.275] (**) Power Button: Applying InputClass "libinput keyboard catchall"
[    20.275] (II) LoadModule: "libinput"
[    20.275] (II) Loading /usr/lib/xorg/modules/input/libinput_drv.so
[    20.276] (II) Module libinput: vendor="X.Org Foundation"
[    20.276] 	compiled for 1.20.1, module version = 0.28.1
[    20.276] 	Module class: X.Org XInput Driver
[    20.276] 	ABI class: X.Org XInput driver, version 24.1
[    20.276] (II) Using input driver 'libinput' for 'Power Button'
[    20.284] (II) systemd-logind: got fd for /dev/input/event0 13:64 fd 21 paused 0
[    20.284] (**) Power Button: always reports core events
[    20.284] (**) Option "Device" "/dev/input/event0"
[    20.284] (**) Option "_source" "server/udev"
[    20.285] (II) event0  - Power Button: is tagged by udev as: Keyboard
[    20.285] (II) event0  - Power Button: device is a keyboard
[    20.285] (II) event0  - Power Button: device removed
[    20.285] (**) Option "config_info" "udev:/sys/devices/LNXSYSTM:00/LNXPWRBN:00/input/input0/event0"
[    20.285] (II) XINPUT: Adding extended input device "Power Button" (type: KEYBOARD, id 6)
[    20.285] (**) Option "xkb_model" "pc105"
[    20.285] (**) Option "xkb_layout" "us"
[    20.290] (II) event0  - Power Button: is tagged by udev as: Keyboard
[    20.290] (II) event0  - Power Button: device is a keyboard
[    20.290] (II) config/udev: Adding input device Sleep Button (/dev/input/event1)
[    20.290] (**) Sleep Button: Applying InputClass "libinput keyboard catchall"
[    20.290] (II) Using input driver 'libinput' for 'Sleep Button'
[    20.291] (II) systemd-logind: got fd for /dev/input/event1 13:65 fd 24 paused 0
[    20.291] (**) Sleep Button: always reports core events
[    20.291] (**) Option "Device" "/dev/input/event1"
[    20.292] (**) Option "_source" "server/udev"
[    20.292] (II) event1  - Sleep Button: is tagged by udev as: Keyboard
[    20.292] (II) event1  - Sleep Button: device is a keyboard
[    20.292] (II) event1  - Sleep Button: device removed
[    20.293] (**) Option "config_info" "udev:/sys/devices/LNXSYSTM:00/LNXSLPBN:00/input/input1/event1"
[    20.293] (II) XINPUT: Adding extended input device "Sleep Button" (type: KEYBOARD, id 7)
[    20.293] (**) Option "xkb_model" "pc105"
[    20.293] (**) Option "xkb_layout" "us"
[    20.294] (II) event1  - Sleep Button: is tagged by udev as: Keyboard
[    20.294] (II) event1  - Sleep Button: device is a keyboard
[    20.294] (II) config/udev: Adding input device Video Bus (/dev/input/event3)
[    20.294] (**) Video Bus: Applying InputClass "libinput keyboard catchall"
[    20.294] (II) Using input driver 'libinput' for 'Video Bus'
[    20.295] (II) systemd-logind: got fd for /dev/input/event3 13:67 fd 25 paused 0
[    20.295] (**) Video Bus: always reports core events
[    20.295] (**) Option "Device" "/dev/input/event3"
[    20.295] (**) Option "_source" "server/udev"
[    20.296] (II) event3  - Video Bus: is tagged by udev as: Keyboard
[    20.296] (II) event3  - Video Bus: device is a keyboard
[    20.296] (II) event3  - Video Bus: device removed
[    20.296] (**) Option "config_info" "udev:/sys/devices/LNXSYSTM:00/LNXSYBUS:00/PNP0A03:00/LNXVIDEO:00/input/input4/event3"
[    20.296] (II) XINPUT: Adding extended input device "Video Bus" (type: KEYBOARD, id 8)
[    20.296] (**) Option "xkb_model" "pc105"
[    20.296] (**) Option "xkb_layout" "us"
[    20.298] (II) event3  - Video Bus: is tagged by udev as: Keyboard
[    20.298] (II) event3  - Video Bus: device is a keyboard
[    20.298] (II) config/udev: Adding input device VirtualBox mouse integration (/dev/input/event6)
[    20.298] (**) VirtualBox mouse integration: Applying InputClass "libinput pointer catchall"
[    20.298] (II) Using input driver 'libinput' for 'VirtualBox mouse integration'
[    20.299] (II) systemd-logind: got fd for /dev/input/event6 13:70 fd 26 paused 0
[    20.299] (**) VirtualBox mouse integration: always reports core events
[    20.299] (**) Option "Device" "/dev/input/event6"
[    20.299] (**) Option "_source" "server/udev"
[    20.300] (II) event6  - VirtualBox mouse integration: is tagged by udev as: Mouse
[    20.300] (II) event6  - VirtualBox mouse integration: device is a pointer
[    20.300] (II) event6  - VirtualBox mouse integration: device removed
[    20.301] (**) Option "config_info" "udev:/sys/devices/pci0000:00/0000:00:04.0/input/input7/event6"
[    20.301] (II) XINPUT: Adding extended input device "VirtualBox mouse integration" (type: MOUSE, id 9)
[    20.301] (**) Option "AccelerationScheme" "none"
[    20.301] (**) VirtualBox mouse integration: (accel) selected scheme none/0
[    20.301] (**) VirtualBox mouse integration: (accel) acceleration factor: 2.000
[    20.301] (**) VirtualBox mouse integration: (accel) acceleration threshold: 4
[    20.301] (II) event6  - VirtualBox mouse integration: is tagged by udev as: Mouse
[    20.302] (II) event6  - VirtualBox mouse integration: device is a pointer
[    20.306] (II) config/udev: Adding input device VirtualBox mouse integration (/dev/input/js1)
[    20.306] (II) No input driver specified, ignoring this device.
[    20.306] (II) This device may have been added with another device file.
[    20.308] (II) config/udev: Adding input device VirtualBox USB Tablet (/dev/input/event5)
[    20.308] (**) VirtualBox USB Tablet: Applying InputClass "libinput pointer catchall"
[    20.308] (II) Using input driver 'libinput' for 'VirtualBox USB Tablet'
[    20.308] (II) systemd-logind: got fd for /dev/input/event5 13:69 fd 27 paused 0
[    20.309] (**) VirtualBox USB Tablet: always reports core events
[    20.309] (**) Option "Device" "/dev/input/event5"
[    20.309] (**) Option "_source" "server/udev"
[    20.309] (II) event5  - VirtualBox USB Tablet: is tagged by udev as: Mouse
[    20.309] (II) event5  - VirtualBox USB Tablet: device is a pointer
[    20.309] (II) event5  - VirtualBox USB Tablet: device removed
[    20.309] (**) Option "config_info" "udev:/sys/devices/pci0000:00/0000:00:06.0/usb1/1-1/1-1:1.0/0003:80EE:0021.0001/input/input6/event5"
[    20.309] (II) XINPUT: Adding extended input device "VirtualBox USB Tablet" (type: MOUSE, id 10)
[    20.309] (**) Option "AccelerationScheme" "none"
[    20.310] (**) VirtualBox USB Tablet: (accel) selected scheme none/0
[    20.310] (**) VirtualBox USB Tablet: (accel) acceleration factor: 2.000
[    20.310] (**) VirtualBox USB Tablet: (accel) acceleration threshold: 4
[    20.311] (II) event5  - VirtualBox USB Tablet: is tagged by udev as: Mouse
[    20.311] (II) event5  - VirtualBox USB Tablet: device is a pointer
[    20.311] (II) config/udev: Adding input device VirtualBox USB Tablet (/dev/input/js0)
[    20.311] (II) No input driver specified, ignoring this device.
[    20.311] (II) This device may have been added with another device file.
[    20.313] (II) config/udev: Adding input device VirtualBox USB Tablet (/dev/input/mouse1)
[    20.313] (II) No input driver specified, ignoring this device.
[    20.313] (II) This device may have been added with another device file.
[    20.313] (II) config/udev: Adding input device AT Translated Set 2 keyboard (/dev/input/event2)
[    20.313] (**) AT Translated Set 2 keyboard: Applying InputClass "libinput keyboard catchall"
[    20.313] (II) Using input driver 'libinput' for 'AT Translated Set 2 keyboard'
[    20.314] (II) systemd-logind: got fd for /dev/input/event2 13:66 fd 28 paused 0
[    20.314] (**) AT Translated Set 2 keyboard: always reports core events
[    20.314] (**) Option "Device" "/dev/input/event2"
[    20.314] (**) Option "_source" "server/udev"
[    20.315] (II) event2  - AT Translated Set 2 keyboard: is tagged by udev as: Keyboard
[    20.315] (II) event2  - AT Translated Set 2 keyboard: device is a keyboard
[    20.315] (II) event2  - AT Translated Set 2 keyboard: device removed
[    20.315] (**) Option "config_info" "udev:/sys/devices/platform/i8042/serio0/input/input2/event2"
[    20.315] (II) XINPUT: Adding extended input device "AT Translated Set 2 keyboard" (type: KEYBOARD, id 11)
[    20.316] (**) Option "xkb_model" "pc105"
[    20.316] (**) Option "xkb_layout" "us"
[    20.316] (II) event2  - AT Translated Set 2 keyboard: is tagged by udev as: Keyboard
[    20.316] (II) event2  - AT Translated Set 2 keyboard: device is a keyboard
[    20.316] (II) config/udev: Adding input device ImExPS/2 Generic Explorer Mouse (/dev/input/event4)
[    20.317] (**) ImExPS/2 Generic Explorer Mouse: Applying InputClass "libinput pointer catchall"
[    20.317] (II) Using input driver 'libinput' for 'ImExPS/2 Generic Explorer Mouse'
[    20.318] (II) systemd-logind: got fd for /dev/input/event4 13:68 fd 29 paused 0
[    20.318] (**) ImExPS/2 Generic Explorer Mouse: always reports core events
[    20.318] (**) Option "Device" "/dev/input/event4"
[    20.318] (**) Option "_source" "server/udev"
[    20.318] (II) event4  - ImExPS/2 Generic Explorer Mouse: is tagged by udev as: Mouse
[    20.318] (II) event4  - ImExPS/2 Generic Explorer Mouse: device is a pointer
[    20.318] (II) event4  - ImExPS/2 Generic Explorer Mouse: device removed
[    20.319] (**) Option "config_info" "udev:/sys/devices/platform/i8042/serio1/input/input5/event4"
[    20.319] (II) XINPUT: Adding extended input device "ImExPS/2 Generic Explorer Mouse" (type: MOUSE, id 12)
[    20.319] (**) Option "AccelerationScheme" "none"
[    20.319] (**) ImExPS/2 Generic Explorer Mouse: (accel) selected scheme none/0
[    20.319] (**) ImExPS/2 Generic Explorer Mouse: (accel) acceleration factor: 2.000
[    20.319] (**) ImExPS/2 Generic Explorer Mouse: (accel) acceleration threshold: 4
[    20.320] (II) event4  - ImExPS/2 Generic Explorer Mouse: is tagged by udev as: Mouse
[    20.320] (II) event4  - ImExPS/2 Generic Explorer Mouse: device is a pointer
[    20.321] (II) config/udev: Adding input device ImExPS/2 Generic Explorer Mouse (/dev/input/mouse0)
[    20.321] (II) No input driver specified, ignoring this device.
[    20.321] (II) This device may have been added with another device file.
[  1481.400] (!!) vmware(0): New layout.
[  1481.400] (!!) vmware(0): 0: 0 0 1366 768
[  1481.400] (!!) vmware(0): 
[  1481.416] (EE) No surface to present from.
[  1505.937] (!!) vmware(0): New layout.
[  1505.937] (!!) vmware(0): 0: 0 0 1366 663
[  1505.937] (!!) vmware(0): 
[  1560.984] (**) Option "fd" "21"
[  1560.984] (II) event0  - Power Button: device removed
[  1560.985] (**) Option "fd" "24"
[  1560.985] (II) event1  - Sleep Button: device removed
[  1560.985] (**) Option "fd" "25"
[  1560.985] (II) event3  - Video Bus: device removed
[  1560.985] (**) Option "fd" "26"
[  1560.985] (II) event6  - VirtualBox mouse integration: device removed
[  1560.985] (**) Option "fd" "27"
[  1560.985] (II) event5  - VirtualBox USB Tablet: device removed
[  1560.985] (**) Option "fd" "28"
[  1560.985] (II) event2  - AT Translated Set 2 keyboard: device removed
[  1560.985] (**) Option "fd" "29"
[  1560.985] (II) event4  - ImExPS/2 Generic Explorer Mouse: device removed
[  1561.012] (II) UnloadModule: "libinput"
[  1561.012] (II) systemd-logind: releasing fd for 13:68
[  1561.083] (II) UnloadModule: "libinput"
[  1561.083] (II) systemd-logind: releasing fd for 13:66
[  1561.097] (II) UnloadModule: "libinput"
[  1561.097] (II) systemd-logind: releasing fd for 13:69
[  1561.097] (II) UnloadModule: "libinput"
[  1561.097] (II) systemd-logind: releasing fd for 13:70
[  1561.098] (II) UnloadModule: "libinput"
[  1561.098] (II) systemd-logind: releasing fd for 13:67
[  1561.098] (II) UnloadModule: "libinput"
[  1561.098] (II) systemd-logind: releasing fd for 13:65
[  1561.099] (II) UnloadModule: "libinput"
[  1561.099] (II) systemd-logind: releasing fd for 13:64
[  1561.107] (WW) xf86CloseConsole: KDSETMODE failed: Input/output error
[  1561.107] (WW) xf86CloseConsole: VT_GETMODE failed: Input/output error
[  1561.107] (WW) xf86CloseConsole: VT_ACTIVATE failed: Input/output error
[  1561.111] (II) Server terminated successfully (0). Closing log file.
